
COMENZANDO PROCESO
   * PROCESANDO: 700f6ef501598377d0e49e2df1674409.xlsx
   *** EJECUTANDO COMANDO ETL
   *** ETL CMD:2014/11/19 03:31:44 - Pan - Processing ended after 1 minutes and 10 seconds (70 seconds total).
   *** ETL CMD:
COMENZANDO PROCESO
   * PROCESANDO: 700f6ef501598377d0e49e2df1674409.xlsx
   *** EJECUTANDO COMANDO ETL
   *** ETL CMD:2014/11/19 03:36:25 - Pan - Processing ended after 1 minutes and 43 seconds (103 seconds total).
   *** ETL CMD:
COMENZANDO PROCESO
   * PROCESANDO: 700f6ef501598377d0e49e2df1674409.xlsx
   *** EJECUTANDO COMANDO ETL
   *** ETL CMD:2014/11/19 03:44:43 - Pan - Processing ended after 1 minutes and 41 seconds (101 seconds total).
   *** ETL CMD:
COMENZANDO PROCESO
   * PROCESANDO: 700f6ef501598377d0e49e2df1674409.xlsx
   *** EJECUTANDO COMANDO ETL
   *** ETL CMD:2014/11/19 03:46:42 - Pan - Processing ended after 1 minutes and 36 seconds (96 seconds total).
   *** ETL CMD:
COMENZANDO PROCESO
   * PROCESANDO: 700f6ef501598377d0e49e2df1674409.xlsx
   *** EJECUTANDO COMANDO ETL
   *** ETL CMD:2014/11/19 03:49:42 - Pan - Processing ended after 1 minutes and 42 seconds (102 seconds total).
   *** ETL CMD:
COMENZANDO PROCESO
   * PROCESANDO: 700f6ef501598377d0e49e2df1674409.xlsx
   *** EJECUTANDO COMANDO ETL
   *** ETL CMD:2014/11/19 03:51:59 - Pan - Processing ended after 1 minutes and 42 seconds (102 seconds total).
   *** ETL CMD:
COMENZANDO PROCESO
   * PROCESANDO: a11073d59fd86deab04ee4db32f14d21.xlsx
   *** EJECUTANDO COMANDO ETL
   *** ETL CMD:2014/11/19 03:59:45 - PRECIOSMEDIOS-COMPRAS - Step Ejecutar script SQL.0 ended successfully, processed 10629 lines. ( 379 lines/s)
   *** EJECUTADO COMANDO ETL - OK!
   *** ETL CMD:
COMENZANDO PROCESO
   * PROCESANDO: a11073d59fd86deab04ee4db32f14d21.xlsx
   *** EJECUTANDO COMANDO ETL
   *** ETL CMD:2014/11/19 04:00:31 - PRECIOSMEDIOS-COMPRAS - Step Ejecutar script SQL.0 ended successfully, processed 10629 lines. ( 393 lines/s)
   *** EJECUTADO COMANDO ETL - OK!
   *** ETL CMD:
   *** ETL CMD:
   *** EJECUTADO COMANDO ETL - OK!
   * OK: a11073d59fd86deab04ee4db32f14d21.xlsx
   * PROCESANDO: a8939611c247839eb0fda9e3eec93966.xls
   *** EJECUTANDO COMANDO ETL
   *** ETL CMD:2014/11/19 04:06:29 - SUBINVENTARIOS-COMPRAS - Step NORMALIZA TILDES.0 ended successfully, processed 141 lines. ( 47 lines/s)
   *** ETL CMD:
   *** ETL CMD:
   *** EJECUTADO COMANDO ETL - OK!
   * OK: 700f6ef501598377d0e49e2df1674409.xlsx
   * PROCESANDO: a11073d59fd86deab04ee4db32f14d21.xlsx
   *** EJECUTANDO COMANDO ETL
   *** ETL CMD:
   *** EJECUTADO COMANDO ETL - OK!
   * OK: a8939611c247839eb0fda9e3eec93966.xls
   * PROCESANDO: 1b435b7df5ad52474f04ddcf24d47f57.xls
   *** EJECUTANDO COMANDO ETL
   *** ETL CMD:2014/11/19 04:10:18 - PRECIOSMEDIOS-COMPRAS - Step Ejecutar script SQL.0 ended successfully, processed 10629 lines. ( 312 lines/s)
   *** EJECUTADO COMANDO ETL - OK!
   *** ETL CMD:
   *** ETL CMD:2014/11/19 04:10:46 - MAESTRODEMATERIALES-COMPRAS - Step Ejecutar script SQL.0 ended successfully, processed 14455 lines. ( 578 lines/s)
   *** EJECUTADO COMANDO ETL - OK!
   *** ETL CMD:
   *** ETL CMD:
   *** EJECUTADO COMANDO ETL - OK!
   * OK: a11073d59fd86deab04ee4db32f14d21.xlsx
   * PROCESANDO: a8939611c247839eb0fda9e3eec93966.xls
   *** EJECUTANDO COMANDO ETL
   *** ETL CMD:2014/11/19 04:13:40 - SUBINVENTARIOS-COMPRAS - Step NORMALIZA TILDES.0 ended successfully, processed 141 lines. ( 35 lines/s)
   *** ETL CMD:
   *** ETL CMD:
   *** EJECUTADO COMANDO ETL - OK!
   * OK: 1b435b7df5ad52474f04ddcf24d47f57.xls
EJECUCION FINALIZADA. Good Bye!
COMENZANDO PROCESO
EJECUCION FINALIZADA. Good Bye!
   *** ETL CMD:
   *** EJECUTADO COMANDO ETL - OK!
   * OK: a8939611c247839eb0fda9e3eec93966.xls
   * PROCESANDO: 1b435b7df5ad52474f04ddcf24d47f57.xls
   *** EJECUTANDO COMANDO ETL
   *** ETL CMD:2014/11/19 04:16:31 - MAESTRODEMATERIALES-COMPRAS - Step Ejecutar script SQL.0 ended successfully, processed 14455 lines. ( 628 lines/s)
   *** EJECUTADO COMANDO ETL - OK!
   *** ETL CMD:
   *** ETL CMD:
   *** EJECUTADO COMANDO ETL - OK!
   * OK: 1b435b7df5ad52474f04ddcf24d47f57.xls
EJECUCION FINALIZADA. Good Bye!
COMENZANDO PROCESO
EJECUCION FINALIZADA. Good Bye!
COMENZANDO PROCESO
EJECUCION FINALIZADA. Good Bye!
COMENZANDO PROCESO
EJECUCION FINALIZADA. Good Bye!
COMENZANDO PROCESO
EJECUCION FINALIZADA. Good Bye!
COMENZANDO PROCESO
EJECUCION FINALIZADA. Good Bye!
COMENZANDO PROCESO
EJECUCION FINALIZADA. Good Bye!
COMENZANDO PROCESO
EJECUCION FINALIZADA. Good Bye!
COMENZANDO PROCESO
EJECUCION FINALIZADA. Good Bye!
COMENZANDO PROCESO
EJECUCION FINALIZADA. Good Bye!
COMENZANDO PROCESO
EJECUCION FINALIZADA. Good Bye!
COMENZANDO PROCESO
EJECUCION FINALIZADA. Good Bye!
COMENZANDO PROCESO
EJECUCION FINALIZADA. Good Bye!
COMENZANDO PROCESO
EJECUCION FINALIZADA. Good Bye!
COMENZANDO PROCESO
EJECUCION FINALIZADA. Good Bye!
COMENZANDO PROCESO
EJECUCION FINALIZADA. Good Bye!
COMENZANDO PROCESO
EJECUCION FINALIZADA. Good Bye!
COMENZANDO PROCESO
EJECUCION FINALIZADA. Good Bye!
COMENZANDO PROCESO
EJECUCION FINALIZADA. Good Bye!
COMENZANDO PROCESO
EJECUCION FINALIZADA. Good Bye!
COMENZANDO PROCESO
EJECUCION FINALIZADA. Good Bye!
COMENZANDO PROCESO
EJECUCION FINALIZADA. Good Bye!
COMENZANDO PROCESO
EJECUCION FINALIZADA. Good Bye!
COMENZANDO PROCESO
EJECUCION FINALIZADA. Good Bye!
COMENZANDO PROCESO
EJECUCION FINALIZADA. Good Bye!
COMENZANDO PROCESO
EJECUCION FINALIZADA. Good Bye!
COMENZANDO PROCESO
EJECUCION FINALIZADA. Good Bye!
COMENZANDO PROCESO
EJECUCION FINALIZADA. Good Bye!
COMENZANDO PROCESO
EJECUCION FINALIZADA. Good Bye!
COMENZANDO PROCESO
EJECUCION FINALIZADA. Good Bye!
COMENZANDO PROCESO
EJECUCION FINALIZADA. Good Bye!
COMENZANDO PROCESO
EJECUCION FINALIZADA. Good Bye!
COMENZANDO PROCESO
EJECUCION FINALIZADA. Good Bye!
COMENZANDO PROCESO
EJECUCION FINALIZADA. Good Bye!
COMENZANDO PROCESO
EJECUCION FINALIZADA. Good Bye!
COMENZANDO PROCESO
EJECUCION FINALIZADA. Good Bye!
COMENZANDO PROCESO
EJECUCION FINALIZADA. Good Bye!
COMENZANDO PROCESO
EJECUCION FINALIZADA. Good Bye!
COMENZANDO PROCESO
EJECUCION FINALIZADA. Good Bye!
COMENZANDO PROCESO
EJECUCION FINALIZADA. Good Bye!
COMENZANDO PROCESO
EJECUCION FINALIZADA. Good Bye!
COMENZANDO PROCESO
EJECUCION FINALIZADA. Good Bye!
COMENZANDO PROCESO
EJECUCION FINALIZADA. Good Bye!
COMENZANDO PROCESO
EJECUCION FINALIZADA. Good Bye!
COMENZANDO PROCESO
EJECUCION FINALIZADA. Good Bye!
COMENZANDO PROCESO
EJECUCION FINALIZADA. Good Bye!
COMENZANDO PROCESO
EJECUCION FINALIZADA. Good Bye!
COMENZANDO PROCESO
EJECUCION FINALIZADA. Good Bye!
COMENZANDO PROCESO
EJECUCION FINALIZADA. Good Bye!
COMENZANDO PROCESO
EJECUCION FINALIZADA. Good Bye!
COMENZANDO PROCESO
EJECUCION FINALIZADA. Good Bye!
COMENZANDO PROCESO
EJECUCION FINALIZADA. Good Bye!
COMENZANDO PROCESO
EJECUCION FINALIZADA. Good Bye!
COMENZANDO PROCESO
EJECUCION FINALIZADA. Good Bye!
COMENZANDO PROCESO
EJECUCION FINALIZADA. Good Bye!
COMENZANDO PROCESO
EJECUCION FINALIZADA. Good Bye!
COMENZANDO PROCESO
EJECUCION FINALIZADA. Good Bye!
COMENZANDO PROCESO
EJECUCION FINALIZADA. Good Bye!
COMENZANDO PROCESO
EJECUCION FINALIZADA. Good Bye!
COMENZANDO PROCESO
EJECUCION FINALIZADA. Good Bye!
COMENZANDO PROCESO
EJECUCION FINALIZADA. Good Bye!
COMENZANDO PROCESO
EJECUCION FINALIZADA. Good Bye!
COMENZANDO PROCESO
EJECUCION FINALIZADA. Good Bye!
COMENZANDO PROCESO
EJECUCION FINALIZADA. Good Bye!
COMENZANDO PROCESO
EJECUCION FINALIZADA. Good Bye!
COMENZANDO PROCESO
EJECUCION FINALIZADA. Good Bye!
COMENZANDO PROCESO
EJECUCION FINALIZADA. Good Bye!
COMENZANDO PROCESO
EJECUCION FINALIZADA. Good Bye!
COMENZANDO PROCESO
EJECUCION FINALIZADA. Good Bye!
COMENZANDO PROCESO
EJECUCION FINALIZADA. Good Bye!
COMENZANDO PROCESO
EJECUCION FINALIZADA. Good Bye!
COMENZANDO PROCESO
EJECUCION FINALIZADA. Good Bye!
COMENZANDO PROCESO
EJECUCION FINALIZADA. Good Bye!
COMENZANDO PROCESO
EJECUCION FINALIZADA. Good Bye!
COMENZANDO PROCESO
EJECUCION FINALIZADA. Good Bye!
COMENZANDO PROCESO
EJECUCION FINALIZADA. Good Bye!
COMENZANDO PROCESO
EJECUCION FINALIZADA. Good Bye!
COMENZANDO PROCESO
EJECUCION FINALIZADA. Good Bye!
COMENZANDO PROCESO
EJECUCION FINALIZADA. Good Bye!
COMENZANDO PROCESO
EJECUCION FINALIZADA. Good Bye!
COMENZANDO PROCESO
EJECUCION FINALIZADA. Good Bye!
COMENZANDO PROCESO
EJECUCION FINALIZADA. Good Bye!
COMENZANDO PROCESO
EJECUCION FINALIZADA. Good Bye!
COMENZANDO PROCESO
EJECUCION FINALIZADA. Good Bye!
COMENZANDO PROCESO
EJECUCION FINALIZADA. Good Bye!
COMENZANDO PROCESO
EJECUCION FINALIZADA. Good Bye!
COMENZANDO PROCESO
EJECUCION FINALIZADA. Good Bye!
COMENZANDO PROCESO
EJECUCION FINALIZADA. Good Bye!
COMENZANDO PROCESO
EJECUCION FINALIZADA. Good Bye!
COMENZANDO PROCESO
EJECUCION FINALIZADA. Good Bye!
COMENZANDO PROCESO
EJECUCION FINALIZADA. Good Bye!
COMENZANDO PROCESO
EJECUCION FINALIZADA. Good Bye!
COMENZANDO PROCESO
EJECUCION FINALIZADA. Good Bye!
COMENZANDO PROCESO
EJECUCION FINALIZADA. Good Bye!
COMENZANDO PROCESO
EJECUCION FINALIZADA. Good Bye!
COMENZANDO PROCESO
EJECUCION FINALIZADA. Good Bye!
COMENZANDO PROCESO
EJECUCION FINALIZADA. Good Bye!
COMENZANDO PROCESO
EJECUCION FINALIZADA. Good Bye!
COMENZANDO PROCESO
EJECUCION FINALIZADA. Good Bye!
COMENZANDO PROCESO
EJECUCION FINALIZADA. Good Bye!
COMENZANDO PROCESO
EJECUCION FINALIZADA. Good Bye!
COMENZANDO PROCESO
EJECUCION FINALIZADA. Good Bye!
COMENZANDO PROCESO
EJECUCION FINALIZADA. Good Bye!
COMENZANDO PROCESO
EJECUCION FINALIZADA. Good Bye!
COMENZANDO PROCESO
EJECUCION FINALIZADA. Good Bye!
COMENZANDO PROCESO
EJECUCION FINALIZADA. Good Bye!
COMENZANDO PROCESO
EJECUCION FINALIZADA. Good Bye!
COMENZANDO PROCESO
EJECUCION FINALIZADA. Good Bye!
COMENZANDO PROCESO
EJECUCION FINALIZADA. Good Bye!
COMENZANDO PROCESO
EJECUCION FINALIZADA. Good Bye!
COMENZANDO PROCESO
EJECUCION FINALIZADA. Good Bye!
COMENZANDO PROCESO
EJECUCION FINALIZADA. Good Bye!
COMENZANDO PROCESO
EJECUCION FINALIZADA. Good Bye!
COMENZANDO PROCESO
EJECUCION FINALIZADA. Good Bye!
COMENZANDO PROCESO
EJECUCION FINALIZADA. Good Bye!
COMENZANDO PROCESO
EJECUCION FINALIZADA. Good Bye!
COMENZANDO PROCESO
EJECUCION FINALIZADA. Good Bye!
COMENZANDO PROCESO
EJECUCION FINALIZADA. Good Bye!
COMENZANDO PROCESO
EJECUCION FINALIZADA. Good Bye!
COMENZANDO PROCESO
EJECUCION FINALIZADA. Good Bye!
COMENZANDO PROCESO
EJECUCION FINALIZADA. Good Bye!
COMENZANDO PROCESO
EJECUCION FINALIZADA. Good Bye!
COMENZANDO PROCESO
EJECUCION FINALIZADA. Good Bye!
COMENZANDO PROCESO
EJECUCION FINALIZADA. Good Bye!
COMENZANDO PROCESO
EJECUCION FINALIZADA. Good Bye!
COMENZANDO PROCESO
EJECUCION FINALIZADA. Good Bye!
COMENZANDO PROCESO
EJECUCION FINALIZADA. Good Bye!
COMENZANDO PROCESO
EJECUCION FINALIZADA. Good Bye!
COMENZANDO PROCESO
EJECUCION FINALIZADA. Good Bye!
COMENZANDO PROCESO
EJECUCION FINALIZADA. Good Bye!
COMENZANDO PROCESO
EJECUCION FINALIZADA. Good Bye!
COMENZANDO PROCESO
EJECUCION FINALIZADA. Good Bye!
COMENZANDO PROCESO
EJECUCION FINALIZADA. Good Bye!
COMENZANDO PROCESO
EJECUCION FINALIZADA. Good Bye!
COMENZANDO PROCESO
EJECUCION FINALIZADA. Good Bye!
COMENZANDO PROCESO
EJECUCION FINALIZADA. Good Bye!
COMENZANDO PROCESO
EJECUCION FINALIZADA. Good Bye!
COMENZANDO PROCESO
EJECUCION FINALIZADA. Good Bye!
COMENZANDO PROCESO
EJECUCION FINALIZADA. Good Bye!
COMENZANDO PROCESO
EJECUCION FINALIZADA. Good Bye!
COMENZANDO PROCESO
EJECUCION FINALIZADA. Good Bye!
COMENZANDO PROCESO
EJECUCION FINALIZADA. Good Bye!
COMENZANDO PROCESO
EJECUCION FINALIZADA. Good Bye!
COMENZANDO PROCESO
EJECUCION FINALIZADA. Good Bye!
COMENZANDO PROCESO
EJECUCION FINALIZADA. Good Bye!
COMENZANDO PROCESO
EJECUCION FINALIZADA. Good Bye!
COMENZANDO PROCESO
EJECUCION FINALIZADA. Good Bye!
COMENZANDO PROCESO
EJECUCION FINALIZADA. Good Bye!
COMENZANDO PROCESO
EJECUCION FINALIZADA. Good Bye!
COMENZANDO PROCESO
EJECUCION FINALIZADA. Good Bye!
COMENZANDO PROCESO
EJECUCION FINALIZADA. Good Bye!
COMENZANDO PROCESO
EJECUCION FINALIZADA. Good Bye!
COMENZANDO PROCESO
EJECUCION FINALIZADA. Good Bye!
COMENZANDO PROCESO
EJECUCION FINALIZADA. Good Bye!
COMENZANDO PROCESO
EJECUCION FINALIZADA. Good Bye!
COMENZANDO PROCESO
EJECUCION FINALIZADA. Good Bye!
COMENZANDO PROCESO
EJECUCION FINALIZADA. Good Bye!
COMENZANDO PROCESO
EJECUCION FINALIZADA. Good Bye!
COMENZANDO PROCESO
EJECUCION FINALIZADA. Good Bye!
COMENZANDO PROCESO
EJECUCION FINALIZADA. Good Bye!
COMENZANDO PROCESO
EJECUCION FINALIZADA. Good Bye!
COMENZANDO PROCESO
   * PROCESANDO: CONSUMOS.xlsx
   *** EJECUTANDO COMANDO ETL
   *** ETL CMD:2014/11/20 20:30:56 - Pan - Processing ended after 53 seconds.
   *** ETL CMD:
   *** ETL CMD:
   *** ETL CMD:
   *** ETL CMD:
   *** ETL CMD:
   *** ETL CMD:
   *** ETL CMD:
   *** ETL CMD:
   *** ETL CMD:
   *** ETL CMD:
   *** ETL CMD:
   *** ETL CMD:
   *** EJECUTANDO COMANDO ETL
   *** ETL CMD:2014/11/20 20:30:59 - CONSUMOS-COMPRAS-CARGA - Step INSERTA SQL.0 ended successfully, processed 0 lines. ( - lines/s)
   *** ETL CMD:
COMENZANDO PROCESO
   * PROCESANDO: CONSUMOS.xlsx
   *** EJECUTANDO COMANDO ETL
   *** ETL CMD:
   *** EJECUTADO COMANDO ETL - OK!
   * OK: CONSUMOS.xlsx
   * PROCESANDO: PRECIOS-MEDIOS.xlsx
   *** EJECUTANDO COMANDO ETL
   *** ETL CMD:2014/11/20 20:58:54 - PRECIOSMEDIOS-COMPRAS - Step Ejecutar script SQL.0 ended successfully, processed 10629 lines. ( 506 lines/s)
   *** EJECUTADO COMANDO ETL - OK!
   *** ETL CMD:
   *** ETL CMD:
   *** EJECUTADO COMANDO ETL - OK!
   * OK: PRECIOS-MEDIOS.xlsx
   * PROCESANDO: MAESTRO_MATERIALES.xls
   *** EJECUTANDO COMANDO ETL
   *** ETL CMD:2014/11/20 21:00:55 - MAESTRODEMATERIALES-COMPRAS - Step Ejecutar script SQL.0 ended successfully, processed 14455 lines. ( 688 lines/s)
   *** EJECUTADO COMANDO ETL - OK!
   *** ETL CMD:
   *** ETL CMD:
   *** EJECUTADO COMANDO ETL - OK!
   * OK: MAESTRO_MATERIALES.xls
   * PROCESANDO: MAESTRO-SUBINVENTARIOS.xls
   *** EJECUTANDO COMANDO ETL
   *** ETL CMD:2014/11/20 21:02:39 - SUBINVENTARIOS-COMPRAS - Step NORMALIZA TILDES.0 ended successfully, processed 141 lines. ( 70 lines/s)
   *** ETL CMD:
   *** ETL CMD:
   *** EJECUTADO COMANDO ETL - OK!
   * OK: MAESTRO-SUBINVENTARIOS.xls
EJECUCION FINALIZADA. Good Bye!
COMENZANDO PROCESO
EJECUCION FINALIZADA. Good Bye!
